<?xml version="1.0" encoding="UTF-8"?>
<!-- Generated by org.testng.reporters.JUnitXMLReporter -->
<testsuite hostname="DESKTOP-AVN7JFN" ignored="2" name="Failure Test" tests="6" failures="2" timestamp="24 Mar 2020 01:28:18 GMT" time="0.092" errors="0">
  <testcase name="doLogin" time="0.008" classname="regressionSuiteTestNG.TestFailure"/>
  <testcase name="doPerformAction" time="0.009" classname="regressionSuiteTestNG.TestFailure">
    <failure type="java.lang.AssertionError" message="expected [false] but found [true]">
      <![CDATA[java.lang.AssertionError: expected [false] but found [true]
at regressionSuiteTestNG.TestFailure.doPerformAction(TestFailure.java:21)
... Removed 31 stack frames]]>
    </failure>
  </testcase> <!-- doPerformAction -->
  <testcase name="doRegister" time="0.007" classname="regressionSuiteTestNG.TestFailure">
    <failure type="java.lang.AssertionError" message="Failing login test">
      <![CDATA[java.lang.AssertionError: Failing login test
at regressionSuiteTestNG.TestFailure.doRegister(TestFailure.java:11)
... Removed 26 stack frames]]>
    </failure>
  </testcase> <!-- doRegister -->
  <testcase name="isSkip" time="0.003" classname="regressionSuiteTestNG.TestFailure">
    <skipped/>
  </testcase> <!-- isSkip -->
  <testcase name="UserRegistration" time="0.002" classname="regressionSuiteTestNG.TestNGPractise"/>
  <testcase name="LoginDetails" time="0.002" classname="regressionSuiteTestNG.TestNGPractise"/>
  <testcase name="@BeforeSuite setUp" time="0.0" classname="regressionSuiteTestNG.BaseTest">
    <ignored/>
  </testcase> <!-- @BeforeSuite setUp -->
  <testcase name="@AfterSuite tearDown" time="0.0" classname="regressionSuiteTestNG.BaseTest">
    <ignored/>
  </testcase> <!-- @AfterSuite tearDown -->
</testsuite> <!-- Failure Test -->
