<?xml version="1.0" encoding="UTF-8"?>
<!-- Generated by org.testng.reporters.JUnitXMLReporter -->
<testsuite hostname="DESKTOP-AVN7JFN" ignored="0" name="Regression Suite - Part 1" tests="5" failures="2" timestamp="22 Mar 2020 20:37:16 GMT" time="0.085" errors="0">
  <testcase name="validateTitles" time="0.019" classname="com.mycompany.app.testng.TestCase2NG">
    <failure type="java.lang.AssertionError" message="The following asserts failed:
	Title not matched expected [Gmail.com] but found [Yahoo.com],
	Textbox not present expected [false] but found [true],
	Test Case Failed.">
      <![CDATA[java.lang.AssertionError: The following asserts failed:
Title not matched expected [Gmail.com] but found [Yahoo.com],
Textbox not present expected [false] but found [true],
Test Case Failed.
at com.mycompany.app.testng.TestCase2NG.validateTitles(TestCase2NG.java:41)
... Removed 26 stack frames]]>
    </failure>
  </testcase> <!-- validateTitles -->
  <testcase name="forthTest" time="0.002" classname="com.mycompany.app.testng.TestCase3TestNG"/>
  <testcase name="doUserReg" time="0.002" classname="com.mycompany.app.testng.TestCase3TestNG">
    <failure type="java.lang.AssertionError" message="User not registered successfully">
      <![CDATA[java.lang.AssertionError: User not registered successfully
at com.mycompany.app.testng.TestCase3TestNG.doUserReg(TestCase3TestNG.java:11)
... Removed 26 stack frames]]>
    </failure>
  </testcase> <!-- doUserReg -->
  <testcase name="doLogin" time="0.003" classname="com.mycompany.app.testng.TestCase3TestNG"/>
  <testcase name="thirdTest" time="0.002" classname="com.mycompany.app.testng.TestCase3TestNG"/>
</testsuite> <!-- Regression Suite - Part 1 -->
