<?xml version="1.0" encoding="UTF-8"?>
<!-- Generated by org.testng.reporters.JUnitXMLReporter -->
<testsuite hostname="DESKTOP-AVN7JFN" ignored="3" name="Regression Suite" tests="2" failures="1" timestamp="22 Mar 2020 23:10:15 GMT" time="0.061" errors="0">
  <testcase name="forthTest" time="0.012" classname="com.mycompany.app.testng.TestCase3TestNG"/>
  <testcase name="validateTitles" time="0.009" classname="com.mycompany.app.testng.TestCase2NG">
    <failure type="java.lang.AssertionError" message="The following asserts failed:
	Title not matched expected [Gmail.com] but found [Yahoo.com],
	Textbox not present expected [false] but found [true],
	Test Case Failed.">
      <![CDATA[java.lang.AssertionError: The following asserts failed:
Title not matched expected [Gmail.com] but found [Yahoo.com],
Textbox not present expected [false] but found [true],
Test Case Failed.
at com.mycompany.app.testng.TestCase2NG.validateTitles(TestCase2NG.java:35)
... Removed 26 stack frames]]>
    </failure>
  </testcase> <!-- validateTitles -->
  <testcase name="thirdTest" time="0.0" classname="com.mycompany.app.testng.TestCase3TestNG">
    <ignored/>
  </testcase> <!-- thirdTest -->
  <testcase name="doLogin" time="0.0" classname="com.mycompany.app.testng.TestCase3TestNG">
    <ignored/>
  </testcase> <!-- doLogin -->
  <testcase name="doUserReg" time="0.0" classname="com.mycompany.app.testng.TestCase3TestNG">
    <ignored/>
  </testcase> <!-- doUserReg -->
</testsuite> <!-- Regression Suite -->
